<?xml version="1.0" encoding="UTF-8"?>
<!-- Generated by org.testng.reporters.JUnitReportReporter -->
<testsuite hostname="DESKTOP-JKKH6Q5" failures="0" tests="1" name="com.AmazonScenario.testcases.TC_001_AddToCartTest" time="9.839" errors="0" timestamp="06 Jul 2023 05:00:15 GMT" skipped="0">
  <testcase classname="com.AmazonScenario.testcases.TC_001_AddToCartTest" name="TC_001_AddToCartTest" time="9.839"/>
</testsuite> <!-- com.AmazonScenario.testcases.TC_001_AddToCartTest -->
