<?xml version="1.0" encoding="UTF-8"?>
<!-- Generated by org.testng.reporters.JUnitReportReporter -->
<testsuite hostname="DESKTOP-JKKH6Q5" failures="0" tests="1" name="generic_Utitlity.Hello" time="0.012" errors="0" timestamp="2023-07-08T08:18:28 IST" skipped="0">
  <testcase classname="generic_Utitlity.Hello" name="wish" time="0.012"/>
  <system-out/>
</testsuite> <!-- generic_Utitlity.Hello -->
