<?xml version="1.0" encoding="UTF-8"?>
<!-- Generated by org.testng.reporters.JUnitReportReporter -->
<testsuite hostname="DESKTOP-JKKH6Q5" failures="0" tests="2" name="com.AmazonScenario.testcases.Prac" time="12.228" errors="0" timestamp="2023-07-08T15:54:26 IST" skipped="0">
  <testcase classname="com.AmazonScenario.testcases.Prac" name="login" time="9.302"/>
  <system-out/>
  <testcase classname="com.AmazonScenario.testcases.Prac" name="logout" time="2.926"/>
  <system-out/>
</testsuite> <!-- com.AmazonScenario.testcases.Prac -->
