<?xml version="1.0" encoding="UTF-8"?>
<!-- Generated by org.testng.reporters.JUnitReportReporter -->
<testsuite hostname="DESKTOP-JKKH6Q5" failures="0" tests="2" name="com.AmazonScenario.testcases.AssertionEx2" time="10.928" errors="0" timestamp="2023-07-08T12:44:10 IST" skipped="0">
  <testcase classname="com.AmazonScenario.testcases.AssertionEx2" name="login" time="6.594"/>
  <system-out/>
  <testcase classname="com.AmazonScenario.testcases.AssertionEx2" name="logout" time="4.334"/>
  <system-out/>
</testsuite> <!-- com.AmazonScenario.testcases.AssertionEx2 -->
